action: GLOB, msg: packaging
cwd: C:\Users\USER\projects\Thyroid_project
cmd: 'c:\users\user\anaconda3\python.exe' setup.py sdist --formats=zip --dist-dir 'C:\Users\USER\projects\Thyroid_project\.tox\dist'
running sdist
running egg_info
writing src.egg-info\PKG-INFO
writing dependency_links to src.egg-info\dependency_links.txt
writing top-level names to src.egg-info\top_level.txt
reading manifest file 'src.egg-info\SOURCES.txt'
writing manifest file 'src.egg-info\SOURCES.txt'
running check
warning: check: missing required meta-data: url

warning: check: missing meta-data: if 'author' supplied, 'author_email' must be supplied too

creating src-0.0.14
creating src-0.0.14\src
creating src-0.0.14\src.egg-info
creating src-0.0.14\tests
copying files to src-0.0.14...
copying README.md -> src-0.0.14
copying setup.py -> src-0.0.14
copying src\__init__.py -> src-0.0.14\src
copying src\data_processing.py -> src-0.0.14\src
copying src\get_data.py -> src-0.0.14\src
copying src\load_and_save_good_data.py -> src-0.0.14\src
copying src\split_data.py -> src-0.0.14\src
copying src\train_and_evaluate.py -> src-0.0.14\src
copying src.egg-info\PKG-INFO -> src-0.0.14\src.egg-info
copying src.egg-info\SOURCES.txt -> src-0.0.14\src.egg-info
copying src.egg-info\dependency_links.txt -> src-0.0.14\src.egg-info
copying src.egg-info\top_level.txt -> src-0.0.14\src.egg-info
copying tests\__init__.py -> src-0.0.14\tests
copying tests\conftest.py -> src-0.0.14\tests
copying tests\test_config.py -> src-0.0.14\tests
Writing src-0.0.14\setup.cfg
creating C:\Users\USER\projects\Thyroid_project\.tox\dist
creating 'C:\Users\USER\projects\Thyroid_project\.tox\dist\src-0.0.14.zip' and adding 'src-0.0.14' to it
adding 'src-0.0.14'
adding 'src-0.0.14\src'
adding 'src-0.0.14\src.egg-info'
adding 'src-0.0.14\tests'
adding 'src-0.0.14\PKG-INFO'
adding 'src-0.0.14\README.md'
adding 'src-0.0.14\setup.cfg'
adding 'src-0.0.14\setup.py'
adding 'src-0.0.14\src\data_processing.py'
adding 'src-0.0.14\src\get_data.py'
adding 'src-0.0.14\src\load_and_save_good_data.py'
adding 'src-0.0.14\src\split_data.py'
adding 'src-0.0.14\src\train_and_evaluate.py'
adding 'src-0.0.14\src\__init__.py'
adding 'src-0.0.14\src.egg-info\dependency_links.txt'
adding 'src-0.0.14\src.egg-info\PKG-INFO'
adding 'src-0.0.14\src.egg-info\SOURCES.txt'
adding 'src-0.0.14\src.egg-info\top_level.txt'
adding 'src-0.0.14\tests\conftest.py'
adding 'src-0.0.14\tests\test_config.py'
adding 'src-0.0.14\tests\__init__.py'
removing 'src-0.0.14' (and everything under it)
